{"level":"error","message":"Date: Fri, 25 Mar 2022 11:07:06 GMT Trace\n    at D:\\Development\\FJT\\FJT-DEV\\fjt.api\\server.js:258:21\n    at processTicksAndRejections (internal/process/task_queues.js:97:5)"}
{"level":"error","message":"Date: Fri, 25 Mar 2022 11:07:06 GMT SequelizeConnectionError: Unknown database 'flexjobtracking_main_shubham'"}
{"level":"error","message":"Date: Fri, 25 Mar 2022 11:07:06 GMT \u001b[31mConnection could not be established to database.\u001b[39m"}
{"level":"error","message":"Date: Fri, 25 Mar 2022 11:07:06 GMT \u001b[31mRetrying to connect in 5 sec.\u001b[39m"}
{"level":"error","message":"Date: Fri, 25 Mar 2022 11:07:20 GMT Trace\n    at D:\\Development\\FJT\\FJT-DEV\\fjt.api\\server.js:258:21\n    at processTicksAndRejections (internal/process/task_queues.js:97:5)"}
{"level":"error","message":"Date: Fri, 25 Mar 2022 11:07:20 GMT SequelizeConnectionError: Unknown database 'flexjobtracking_main_shubham'"}
{"level":"error","message":"Date: Fri, 25 Mar 2022 11:07:20 GMT \u001b[31mConnection could not be established to database.\u001b[39m"}
{"level":"error","message":"Date: Fri, 25 Mar 2022 11:07:20 GMT \u001b[31mRetrying to connect in 5 sec.\u001b[39m"}
{"level":"error","message":"Date: Fri, 25 Mar 2022 11:39:28 GMT Trace\n    at D:\\Development\\FJT\\FJT-DEV\\fjt.api\\server.js:258:21\n    at processTicksAndRejections (internal/process/task_queues.js:97:5)"}
{"level":"error","message":"Date: Fri, 25 Mar 2022 11:39:28 GMT SequelizeConnectionError: Unknown database 'flexjobtracking_main_shubham'"}
{"level":"error","message":"Date: Fri, 25 Mar 2022 11:39:28 GMT \u001b[31mConnection could not be established to database.\u001b[39m"}
{"level":"error","message":"Date: Fri, 25 Mar 2022 11:39:28 GMT \u001b[31mRetrying to connect in 5 sec.\u001b[39m"}
{"level":"error","message":"Date: Fri, 25 Mar 2022 11:39:33 GMT Trace\n    at D:\\Development\\FJT\\FJT-DEV\\fjt.api\\server.js:258:21\n    at processTicksAndRejections (internal/process/task_queues.js:97:5)"}
{"level":"error","message":"Date: Fri, 25 Mar 2022 11:39:33 GMT SequelizeConnectionError: Unknown database 'flexjobtracking_main_shubham'"}
{"level":"error","message":"Date: Fri, 25 Mar 2022 11:39:33 GMT \u001b[31mConnection could not be established to database.\u001b[39m"}
{"level":"error","message":"Date: Fri, 25 Mar 2022 11:39:33 GMT \u001b[31mRetrying to connect in 5 sec.\u001b[39m"}
{"level":"error","message":"Date: Fri, 25 Mar 2022 11:39:38 GMT Trace\n    at D:\\Development\\FJT\\FJT-DEV\\fjt.api\\server.js:258:21\n    at processTicksAndRejections (internal/process/task_queues.js:97:5)"}
{"level":"error","message":"Date: Fri, 25 Mar 2022 11:39:38 GMT SequelizeConnectionError: Unknown database 'flexjobtracking_main_shubham'"}
{"level":"error","message":"Date: Fri, 25 Mar 2022 11:39:38 GMT \u001b[31mConnection could not be established to database.\u001b[39m"}
{"level":"error","message":"Date: Fri, 25 Mar 2022 11:39:38 GMT \u001b[31mRetrying to connect in 5 sec.\u001b[39m"}
{"level":"error","message":"Date: Fri, 25 Mar 2022 11:39:43 GMT Trace\n    at D:\\Development\\FJT\\FJT-DEV\\fjt.api\\server.js:258:21\n    at processTicksAndRejections (internal/process/task_queues.js:97:5)"}
{"level":"error","message":"Date: Fri, 25 Mar 2022 11:39:43 GMT SequelizeConnectionError: Unknown database 'flexjobtracking_main_shubham'"}
{"level":"error","message":"Date: Fri, 25 Mar 2022 11:39:43 GMT \u001b[31mConnection could not be established to database.\u001b[39m"}
{"level":"error","message":"Date: Fri, 25 Mar 2022 11:39:43 GMT \u001b[31mRetrying to connect in 5 sec.\u001b[39m"}
{"level":"error","message":"Date: Fri, 25 Mar 2022 11:39:48 GMT Trace\n    at D:\\Development\\FJT\\FJT-DEV\\fjt.api\\server.js:258:21\n    at processTicksAndRejections (internal/process/task_queues.js:97:5)"}
{"level":"error","message":"Date: Fri, 25 Mar 2022 11:39:48 GMT SequelizeConnectionError: Unknown database 'flexjobtracking_main_shubham'"}
{"level":"error","message":"Date: Fri, 25 Mar 2022 11:39:48 GMT \u001b[31mConnection could not be established to database.\u001b[39m"}
{"level":"error","message":"Date: Fri, 25 Mar 2022 11:39:48 GMT \u001b[31mRetrying to connect in 5 sec.\u001b[39m"}
{"level":"error","message":"Date: Fri, 25 Mar 2022 11:39:53 GMT Trace\n    at D:\\Development\\FJT\\FJT-DEV\\fjt.api\\server.js:258:21\n    at processTicksAndRejections (internal/process/task_queues.js:97:5)"}
{"level":"error","message":"Date: Fri, 25 Mar 2022 11:39:53 GMT SequelizeConnectionError: Unknown database 'flexjobtracking_main_shubham'"}
{"level":"error","message":"Date: Fri, 25 Mar 2022 11:39:53 GMT \u001b[31mConnection could not be established to database.\u001b[39m"}
{"level":"error","message":"Date: Fri, 25 Mar 2022 11:39:53 GMT \u001b[31mRetrying to connect in 5 sec.\u001b[39m"}
{"level":"error","message":"Date: Fri, 25 Mar 2022 11:39:58 GMT Trace\n    at D:\\Development\\FJT\\FJT-DEV\\fjt.api\\server.js:258:21\n    at processTicksAndRejections (internal/process/task_queues.js:97:5)"}
{"level":"error","message":"Date: Fri, 25 Mar 2022 11:39:58 GMT SequelizeConnectionError: Unknown database 'flexjobtracking_main_shubham'"}
{"level":"error","message":"Date: Fri, 25 Mar 2022 11:39:58 GMT \u001b[31mConnection could not be established to database.\u001b[39m"}
{"level":"error","message":"Date: Fri, 25 Mar 2022 11:39:58 GMT \u001b[31mRetrying to connect in 5 sec.\u001b[39m"}
{"level":"error","message":"Date: Fri, 25 Mar 2022 11:40:03 GMT Trace\n    at D:\\Development\\FJT\\FJT-DEV\\fjt.api\\server.js:258:21\n    at processTicksAndRejections (internal/process/task_queues.js:97:5)"}
{"level":"error","message":"Date: Fri, 25 Mar 2022 11:40:03 GMT SequelizeConnectionError: Unknown database 'flexjobtracking_main_shubham'"}
{"level":"error","message":"Date: Fri, 25 Mar 2022 11:40:03 GMT \u001b[31mConnection could not be established to database.\u001b[39m"}
{"level":"error","message":"Date: Fri, 25 Mar 2022 11:40:03 GMT \u001b[31mRetrying to connect in 5 sec.\u001b[39m"}
{"level":"error","message":"Date: Fri, 25 Mar 2022 11:40:08 GMT Trace\n    at D:\\Development\\FJT\\FJT-DEV\\fjt.api\\server.js:258:21\n    at processTicksAndRejections (internal/process/task_queues.js:97:5)"}
{"level":"error","message":"Date: Fri, 25 Mar 2022 11:40:08 GMT SequelizeConnectionError: Unknown database 'flexjobtracking_main_shubham'"}
{"level":"error","message":"Date: Fri, 25 Mar 2022 11:40:08 GMT \u001b[31mConnection could not be established to database.\u001b[39m"}
{"level":"error","message":"Date: Fri, 25 Mar 2022 11:40:08 GMT \u001b[31mRetrying to connect in 5 sec.\u001b[39m"}
{"level":"error","message":"Date: Fri, 25 Mar 2022 11:40:13 GMT Trace\n    at D:\\Development\\FJT\\FJT-DEV\\fjt.api\\server.js:258:21\n    at processTicksAndRejections (internal/process/task_queues.js:97:5)"}
{"level":"error","message":"Date: Fri, 25 Mar 2022 11:40:13 GMT SequelizeConnectionError: Unknown database 'flexjobtracking_main_shubham'"}
{"level":"error","message":"Date: Fri, 25 Mar 2022 11:40:13 GMT \u001b[31mConnection could not be established to database.\u001b[39m"}
{"level":"error","message":"Date: Fri, 25 Mar 2022 11:40:13 GMT \u001b[31mRetrying to connect in 5 sec.\u001b[39m"}
{"level":"error","message":"Date: Fri, 25 Mar 2022 11:40:18 GMT Trace\n    at D:\\Development\\FJT\\FJT-DEV\\fjt.api\\server.js:258:21\n    at processTicksAndRejections (internal/process/task_queues.js:97:5)"}
{"level":"error","message":"Date: Fri, 25 Mar 2022 11:40:18 GMT SequelizeConnectionError: Unknown database 'flexjobtracking_main_shubham'"}
{"level":"error","message":"Date: Fri, 25 Mar 2022 11:40:18 GMT \u001b[31mConnection could not be established to database.\u001b[39m"}
{"level":"error","message":"Date: Fri, 25 Mar 2022 11:40:18 GMT \u001b[31mRetrying to connect in 5 sec.\u001b[39m"}
{"level":"error","message":"Date: Fri, 25 Mar 2022 11:40:23 GMT Trace\n    at D:\\Development\\FJT\\FJT-DEV\\fjt.api\\server.js:258:21\n    at processTicksAndRejections (internal/process/task_queues.js:97:5)"}
{"level":"error","message":"Date: Fri, 25 Mar 2022 11:40:23 GMT SequelizeConnectionError: Unknown database 'flexjobtracking_main_shubham'"}
{"level":"error","message":"Date: Fri, 25 Mar 2022 11:40:23 GMT \u001b[31mConnection could not be established to database.\u001b[39m"}
{"level":"error","message":"Date: Fri, 25 Mar 2022 11:40:23 GMT \u001b[31mRetrying to connect in 5 sec.\u001b[39m"}
{"level":"error","message":"Date: Fri, 25 Mar 2022 11:40:28 GMT Trace\n    at D:\\Development\\FJT\\FJT-DEV\\fjt.api\\server.js:258:21\n    at processTicksAndRejections (internal/process/task_queues.js:97:5)"}
{"level":"error","message":"Date: Fri, 25 Mar 2022 11:40:28 GMT SequelizeConnectionError: Unknown database 'flexjobtracking_main_shubham'"}
{"level":"error","message":"Date: Fri, 25 Mar 2022 11:40:28 GMT \u001b[31mConnection could not be established to database.\u001b[39m"}
{"level":"error","message":"Date: Fri, 25 Mar 2022 11:40:28 GMT \u001b[31mRetrying to connect in 5 sec.\u001b[39m"}
{"level":"error","message":"Date: Fri, 25 Mar 2022 11:40:34 GMT Trace\n    at D:\\Development\\FJT\\FJT-DEV\\fjt.api\\server.js:258:21\n    at processTicksAndRejections (internal/process/task_queues.js:97:5)"}
{"level":"error","message":"Date: Fri, 25 Mar 2022 11:40:34 GMT SequelizeConnectionError: Unknown database 'flexjobtracking_main_shubham'"}
{"level":"error","message":"Date: Fri, 25 Mar 2022 11:40:34 GMT \u001b[31mConnection could not be established to database.\u001b[39m"}
{"level":"error","message":"Date: Fri, 25 Mar 2022 11:40:34 GMT \u001b[31mRetrying to connect in 5 sec.\u001b[39m"}
{"level":"error","message":"Date: Fri, 25 Mar 2022 11:40:39 GMT Trace\n    at D:\\Development\\FJT\\FJT-DEV\\fjt.api\\server.js:258:21\n    at processTicksAndRejections (internal/process/task_queues.js:97:5)"}
{"level":"error","message":"Date: Fri, 25 Mar 2022 11:40:39 GMT SequelizeConnectionError: Unknown database 'flexjobtracking_main_shubham'"}
{"level":"error","message":"Date: Fri, 25 Mar 2022 11:40:39 GMT \u001b[31mConnection could not be established to database.\u001b[39m"}
{"level":"error","message":"Date: Fri, 25 Mar 2022 11:40:39 GMT \u001b[31mRetrying to connect in 5 sec.\u001b[39m"}
{"level":"error","message":"Date: Fri, 25 Mar 2022 11:40:58 GMT Trace\n    at D:\\Development\\FJT\\FJT-DEV\\fjt.api\\server.js:258:21\n    at processTicksAndRejections (internal/process/task_queues.js:97:5)"}
{"level":"error","message":"Date: Fri, 25 Mar 2022 11:40:58 GMT SequelizeConnectionError: Unknown database 'flexjobtracking_main_shubham'"}
{"level":"error","message":"Date: Fri, 25 Mar 2022 11:40:58 GMT \u001b[31mConnection could not be established to database.\u001b[39m"}
{"level":"error","message":"Date: Fri, 25 Mar 2022 11:40:58 GMT \u001b[31mRetrying to connect in 5 sec.\u001b[39m"}
{"level":"error","message":"Date: Fri, 25 Mar 2022 11:41:03 GMT Trace\n    at D:\\Development\\FJT\\FJT-DEV\\fjt.api\\server.js:258:21\n    at processTicksAndRejections (internal/process/task_queues.js:97:5)"}
{"level":"error","message":"Date: Fri, 25 Mar 2022 11:41:03 GMT SequelizeConnectionError: Unknown database 'flexjobtracking_main_shubham'"}
{"level":"error","message":"Date: Fri, 25 Mar 2022 11:41:03 GMT \u001b[31mConnection could not be established to database.\u001b[39m"}
{"level":"error","message":"Date: Fri, 25 Mar 2022 11:41:03 GMT \u001b[31mRetrying to connect in 5 sec.\u001b[39m"}
{"level":"error","message":"Date: Fri, 25 Mar 2022 11:41:08 GMT Trace\n    at D:\\Development\\FJT\\FJT-DEV\\fjt.api\\server.js:258:21\n    at processTicksAndRejections (internal/process/task_queues.js:97:5)"}
{"level":"error","message":"Date: Fri, 25 Mar 2022 11:41:08 GMT SequelizeConnectionError: Unknown database 'flexjobtracking_main_shubham'"}
{"level":"error","message":"Date: Fri, 25 Mar 2022 11:41:08 GMT \u001b[31mConnection could not be established to database.\u001b[39m"}
{"level":"error","message":"Date: Fri, 25 Mar 2022 11:41:08 GMT \u001b[31mRetrying to connect in 5 sec.\u001b[39m"}
{"level":"error","message":"Date: Fri, 25 Mar 2022 11:41:13 GMT Trace\n    at D:\\Development\\FJT\\FJT-DEV\\fjt.api\\server.js:258:21\n    at processTicksAndRejections (internal/process/task_queues.js:97:5)"}
{"level":"error","message":"Date: Fri, 25 Mar 2022 11:41:13 GMT SequelizeConnectionError: Unknown database 'flexjobtracking_main_shubham'"}
{"level":"error","message":"Date: Fri, 25 Mar 2022 11:41:13 GMT \u001b[31mConnection could not be established to database.\u001b[39m"}
{"level":"error","message":"Date: Fri, 25 Mar 2022 11:41:13 GMT \u001b[31mRetrying to connect in 5 sec.\u001b[39m"}
{"level":"error","message":"Date: Fri, 25 Mar 2022 11:41:18 GMT Trace\n    at D:\\Development\\FJT\\FJT-DEV\\fjt.api\\server.js:258:21\n    at processTicksAndRejections (internal/process/task_queues.js:97:5)"}
{"level":"error","message":"Date: Fri, 25 Mar 2022 11:41:18 GMT SequelizeConnectionError: Unknown database 'flexjobtracking_main_shubham'"}
{"level":"error","message":"Date: Fri, 25 Mar 2022 11:41:18 GMT \u001b[31mConnection could not be established to database.\u001b[39m"}
{"level":"error","message":"Date: Fri, 25 Mar 2022 11:41:18 GMT \u001b[31mRetrying to connect in 5 sec.\u001b[39m"}
{"level":"error","message":"Date: Fri, 25 Mar 2022 11:41:23 GMT Trace\n    at D:\\Development\\FJT\\FJT-DEV\\fjt.api\\server.js:258:21\n    at processTicksAndRejections (internal/process/task_queues.js:97:5)"}
{"level":"error","message":"Date: Fri, 25 Mar 2022 11:41:23 GMT SequelizeConnectionError: Unknown database 'flexjobtracking_main_shubham'"}
{"level":"error","message":"Date: Fri, 25 Mar 2022 11:41:23 GMT \u001b[31mConnection could not be established to database.\u001b[39m"}
{"level":"error","message":"Date: Fri, 25 Mar 2022 11:41:23 GMT \u001b[31mRetrying to connect in 5 sec.\u001b[39m"}
{"level":"error","message":"Date: Fri, 25 Mar 2022 11:41:28 GMT Trace\n    at D:\\Development\\FJT\\FJT-DEV\\fjt.api\\server.js:258:21\n    at processTicksAndRejections (internal/process/task_queues.js:97:5)"}
{"level":"error","message":"Date: Fri, 25 Mar 2022 11:41:28 GMT SequelizeConnectionError: Unknown database 'flexjobtracking_main_shubham'"}
{"level":"error","message":"Date: Fri, 25 Mar 2022 11:41:28 GMT \u001b[31mConnection could not be established to database.\u001b[39m"}
{"level":"error","message":"Date: Fri, 25 Mar 2022 11:41:28 GMT \u001b[31mRetrying to connect in 5 sec.\u001b[39m"}
{"level":"error","message":"Date: Fri, 25 Mar 2022 11:41:33 GMT Trace\n    at D:\\Development\\FJT\\FJT-DEV\\fjt.api\\server.js:258:21\n    at processTicksAndRejections (internal/process/task_queues.js:97:5)"}
{"level":"error","message":"Date: Fri, 25 Mar 2022 11:41:33 GMT SequelizeConnectionError: Unknown database 'flexjobtracking_main_shubham'"}
{"level":"error","message":"Date: Fri, 25 Mar 2022 11:41:33 GMT \u001b[31mConnection could not be established to database.\u001b[39m"}
{"level":"error","message":"Date: Fri, 25 Mar 2022 11:41:33 GMT \u001b[31mRetrying to connect in 5 sec.\u001b[39m"}
{"level":"error","message":"Date: Fri, 25 Mar 2022 11:41:38 GMT Trace\n    at D:\\Development\\FJT\\FJT-DEV\\fjt.api\\server.js:258:21\n    at processTicksAndRejections (internal/process/task_queues.js:97:5)"}
{"level":"error","message":"Date: Fri, 25 Mar 2022 11:41:38 GMT SequelizeConnectionError: Unknown database 'flexjobtracking_main_shubham'"}
{"level":"error","message":"Date: Fri, 25 Mar 2022 11:41:38 GMT \u001b[31mConnection could not be established to database.\u001b[39m"}
{"level":"error","message":"Date: Fri, 25 Mar 2022 11:41:38 GMT \u001b[31mRetrying to connect in 5 sec.\u001b[39m"}
{"level":"error","message":"Date: Fri, 25 Mar 2022 11:41:43 GMT Trace\n    at D:\\Development\\FJT\\FJT-DEV\\fjt.api\\server.js:258:21\n    at processTicksAndRejections (internal/process/task_queues.js:97:5)"}
{"level":"error","message":"Date: Fri, 25 Mar 2022 11:41:43 GMT SequelizeConnectionError: Unknown database 'flexjobtracking_main_shubham'"}
{"level":"error","message":"Date: Fri, 25 Mar 2022 11:41:43 GMT \u001b[31mConnection could not be established to database.\u001b[39m"}
{"level":"error","message":"Date: Fri, 25 Mar 2022 11:41:43 GMT \u001b[31mRetrying to connect in 5 sec.\u001b[39m"}
{"level":"error","message":"Date: Fri, 25 Mar 2022 11:41:48 GMT Trace\n    at D:\\Development\\FJT\\FJT-DEV\\fjt.api\\server.js:258:21\n    at processTicksAndRejections (internal/process/task_queues.js:97:5)"}
{"level":"error","message":"Date: Fri, 25 Mar 2022 11:41:48 GMT SequelizeConnectionError: Unknown database 'flexjobtracking_main_shubham'"}
{"level":"error","message":"Date: Fri, 25 Mar 2022 11:41:48 GMT \u001b[31mConnection could not be established to database.\u001b[39m"}
{"level":"error","message":"Date: Fri, 25 Mar 2022 11:41:48 GMT \u001b[31mRetrying to connect in 5 sec.\u001b[39m"}
{"level":"error","message":"Date: Fri, 25 Mar 2022 11:41:53 GMT Trace\n    at D:\\Development\\FJT\\FJT-DEV\\fjt.api\\server.js:258:21\n    at processTicksAndRejections (internal/process/task_queues.js:97:5)"}
{"level":"error","message":"Date: Fri, 25 Mar 2022 11:41:53 GMT SequelizeConnectionError: Unknown database 'flexjobtracking_main_shubham'"}
{"level":"error","message":"Date: Fri, 25 Mar 2022 11:41:53 GMT \u001b[31mConnection could not be established to database.\u001b[39m"}
{"level":"error","message":"Date: Fri, 25 Mar 2022 11:41:53 GMT \u001b[31mRetrying to connect in 5 sec.\u001b[39m"}
{"level":"error","message":"Date: Fri, 25 Mar 2022 11:41:58 GMT Trace\n    at D:\\Development\\FJT\\FJT-DEV\\fjt.api\\server.js:258:21\n    at processTicksAndRejections (internal/process/task_queues.js:97:5)"}
{"level":"error","message":"Date: Fri, 25 Mar 2022 11:41:58 GMT SequelizeConnectionError: Unknown database 'flexjobtracking_main_shubham'"}
{"level":"error","message":"Date: Fri, 25 Mar 2022 11:41:58 GMT \u001b[31mConnection could not be established to database.\u001b[39m"}
{"level":"error","message":"Date: Fri, 25 Mar 2022 11:41:58 GMT \u001b[31mRetrying to connect in 5 sec.\u001b[39m"}
{"level":"error","message":"Date: Fri, 25 Mar 2022 11:42:03 GMT Trace\n    at D:\\Development\\FJT\\FJT-DEV\\fjt.api\\server.js:258:21\n    at processTicksAndRejections (internal/process/task_queues.js:97:5)"}
{"level":"error","message":"Date: Fri, 25 Mar 2022 11:42:03 GMT SequelizeConnectionError: Unknown database 'flexjobtracking_main_shubham'"}
{"level":"error","message":"Date: Fri, 25 Mar 2022 11:42:03 GMT \u001b[31mConnection could not be established to database.\u001b[39m"}
{"level":"error","message":"Date: Fri, 25 Mar 2022 11:42:03 GMT \u001b[31mRetrying to connect in 5 sec.\u001b[39m"}
{"level":"error","message":"Date: Fri, 25 Mar 2022 11:42:08 GMT Trace\n    at D:\\Development\\FJT\\FJT-DEV\\fjt.api\\server.js:258:21\n    at processTicksAndRejections (internal/process/task_queues.js:97:5)"}
{"level":"error","message":"Date: Fri, 25 Mar 2022 11:42:08 GMT SequelizeConnectionError: Unknown database 'flexjobtracking_main_shubham'"}
{"level":"error","message":"Date: Fri, 25 Mar 2022 11:42:08 GMT \u001b[31mConnection could not be established to database.\u001b[39m"}
{"level":"error","message":"Date: Fri, 25 Mar 2022 11:42:08 GMT \u001b[31mRetrying to connect in 5 sec.\u001b[39m"}
{"level":"error","message":"Date: Fri, 25 Mar 2022 11:59:40 GMT Trace\n    at D:\\Development\\FJT\\FJT-DEV\\fjt.api\\server.js:258:21\n    at processTicksAndRejections (internal/process/task_queues.js:97:5)"}
{"level":"error","message":"Date: Fri, 25 Mar 2022 11:59:40 GMT SequelizeConnectionError: Unknown database 'flexjobtracking_main_shubham'"}
{"level":"error","message":"Date: Fri, 25 Mar 2022 11:59:40 GMT \u001b[31mConnection could not be established to database.\u001b[39m"}
{"level":"error","message":"Date: Fri, 25 Mar 2022 11:59:40 GMT \u001b[31mRetrying to connect in 5 sec.\u001b[39m"}
{"level":"error","message":"Date: Fri, 25 Mar 2022 11:59:45 GMT Trace\n    at D:\\Development\\FJT\\FJT-DEV\\fjt.api\\server.js:258:21\n    at processTicksAndRejections (internal/process/task_queues.js:97:5)"}
{"level":"error","message":"Date: Fri, 25 Mar 2022 11:59:45 GMT SequelizeConnectionError: Unknown database 'flexjobtracking_main_shubham'"}
{"level":"error","message":"Date: Fri, 25 Mar 2022 11:59:45 GMT \u001b[31mConnection could not be established to database.\u001b[39m"}
{"level":"error","message":"Date: Fri, 25 Mar 2022 11:59:45 GMT \u001b[31mRetrying to connect in 5 sec.\u001b[39m"}
{"level":"error","message":"Date: Fri, 25 Mar 2022 11:59:50 GMT Trace\n    at D:\\Development\\FJT\\FJT-DEV\\fjt.api\\server.js:258:21\n    at processTicksAndRejections (internal/process/task_queues.js:97:5)"}
{"level":"error","message":"Date: Fri, 25 Mar 2022 11:59:50 GMT SequelizeConnectionError: Unknown database 'flexjobtracking_main_shubham'"}
{"level":"error","message":"Date: Fri, 25 Mar 2022 11:59:50 GMT \u001b[31mConnection could not be established to database.\u001b[39m"}
{"level":"error","message":"Date: Fri, 25 Mar 2022 11:59:50 GMT \u001b[31mRetrying to connect in 5 sec.\u001b[39m"}
{"level":"error","message":"Date: Fri, 25 Mar 2022 11:59:55 GMT Trace\n    at D:\\Development\\FJT\\FJT-DEV\\fjt.api\\server.js:258:21\n    at processTicksAndRejections (internal/process/task_queues.js:97:5)"}
{"level":"error","message":"Date: Fri, 25 Mar 2022 11:59:55 GMT SequelizeConnectionError: Unknown database 'flexjobtracking_main_shubham'"}
{"level":"error","message":"Date: Fri, 25 Mar 2022 11:59:55 GMT \u001b[31mConnection could not be established to database.\u001b[39m"}
{"level":"error","message":"Date: Fri, 25 Mar 2022 11:59:55 GMT \u001b[31mRetrying to connect in 5 sec.\u001b[39m"}
{"level":"error","message":"Date: Fri, 25 Mar 2022 12:00:00 GMT Trace\n    at D:\\Development\\FJT\\FJT-DEV\\fjt.api\\server.js:258:21\n    at processTicksAndRejections (internal/process/task_queues.js:97:5)"}
{"level":"error","message":"Date: Fri, 25 Mar 2022 12:00:00 GMT SequelizeConnectionError: Unknown database 'flexjobtracking_main_shubham'"}
{"level":"error","message":"Date: Fri, 25 Mar 2022 12:00:00 GMT \u001b[31mConnection could not be established to database.\u001b[39m"}
{"level":"error","message":"Date: Fri, 25 Mar 2022 12:00:00 GMT \u001b[31mRetrying to connect in 5 sec.\u001b[39m"}
{"level":"error","message":"Date: Fri, 25 Mar 2022 12:00:05 GMT Trace\n    at D:\\Development\\FJT\\FJT-DEV\\fjt.api\\server.js:258:21\n    at processTicksAndRejections (internal/process/task_queues.js:97:5)"}
{"level":"error","message":"Date: Fri, 25 Mar 2022 12:00:05 GMT SequelizeConnectionError: Unknown database 'flexjobtracking_main_shubham'"}
{"level":"error","message":"Date: Fri, 25 Mar 2022 12:00:05 GMT \u001b[31mConnection could not be established to database.\u001b[39m"}
{"level":"error","message":"Date: Fri, 25 Mar 2022 12:00:05 GMT \u001b[31mRetrying to connect in 5 sec.\u001b[39m"}
{"level":"error","message":"Date: Fri, 25 Mar 2022 12:00:10 GMT Trace\n    at D:\\Development\\FJT\\FJT-DEV\\fjt.api\\server.js:258:21\n    at processTicksAndRejections (internal/process/task_queues.js:97:5)"}
{"level":"error","message":"Date: Fri, 25 Mar 2022 12:00:10 GMT SequelizeConnectionError: Unknown database 'flexjobtracking_main_shubham'"}
{"level":"error","message":"Date: Fri, 25 Mar 2022 12:00:10 GMT \u001b[31mConnection could not be established to database.\u001b[39m"}
{"level":"error","message":"Date: Fri, 25 Mar 2022 12:00:10 GMT \u001b[31mRetrying to connect in 5 sec.\u001b[39m"}
{"level":"error","message":"Date: Fri, 25 Mar 2022 12:00:15 GMT Trace\n    at D:\\Development\\FJT\\FJT-DEV\\fjt.api\\server.js:258:21\n    at processTicksAndRejections (internal/process/task_queues.js:97:5)"}
{"level":"error","message":"Date: Fri, 25 Mar 2022 12:00:15 GMT SequelizeConnectionError: Unknown database 'flexjobtracking_main_shubham'"}
{"level":"error","message":"Date: Fri, 25 Mar 2022 12:00:15 GMT \u001b[31mConnection could not be established to database.\u001b[39m"}
{"level":"error","message":"Date: Fri, 25 Mar 2022 12:00:15 GMT \u001b[31mRetrying to connect in 5 sec.\u001b[39m"}
{"level":"error","message":"Date: Fri, 25 Mar 2022 12:00:20 GMT Trace\n    at D:\\Development\\FJT\\FJT-DEV\\fjt.api\\server.js:258:21\n    at processTicksAndRejections (internal/process/task_queues.js:97:5)"}
{"level":"error","message":"Date: Fri, 25 Mar 2022 12:00:20 GMT SequelizeConnectionError: Unknown database 'flexjobtracking_main_shubham'"}
{"level":"error","message":"Date: Fri, 25 Mar 2022 12:00:20 GMT \u001b[31mConnection could not be established to database.\u001b[39m"}
{"level":"error","message":"Date: Fri, 25 Mar 2022 12:00:20 GMT \u001b[31mRetrying to connect in 5 sec.\u001b[39m"}
{"level":"error","message":"Date: Fri, 25 Mar 2022 12:00:25 GMT Trace\n    at D:\\Development\\FJT\\FJT-DEV\\fjt.api\\server.js:258:21\n    at processTicksAndRejections (internal/process/task_queues.js:97:5)"}
{"level":"error","message":"Date: Fri, 25 Mar 2022 12:00:25 GMT SequelizeConnectionError: Unknown database 'flexjobtracking_main_shubham'"}
{"level":"error","message":"Date: Fri, 25 Mar 2022 12:00:25 GMT \u001b[31mConnection could not be established to database.\u001b[39m"}
{"level":"error","message":"Date: Fri, 25 Mar 2022 12:00:25 GMT \u001b[31mRetrying to connect in 5 sec.\u001b[39m"}
{"level":"error","message":"Date: Fri, 25 Mar 2022 12:00:30 GMT Trace\n    at D:\\Development\\FJT\\FJT-DEV\\fjt.api\\server.js:258:21\n    at processTicksAndRejections (internal/process/task_queues.js:97:5)"}
{"level":"error","message":"Date: Fri, 25 Mar 2022 12:00:30 GMT SequelizeConnectionError: Unknown database 'flexjobtracking_main_shubham'"}
{"level":"error","message":"Date: Fri, 25 Mar 2022 12:00:30 GMT \u001b[31mConnection could not be established to database.\u001b[39m"}
{"level":"error","message":"Date: Fri, 25 Mar 2022 12:00:30 GMT \u001b[31mRetrying to connect in 5 sec.\u001b[39m"}
{"level":"error","message":"Date: Fri, 25 Mar 2022 12:00:35 GMT Trace\n    at D:\\Development\\FJT\\FJT-DEV\\fjt.api\\server.js:258:21\n    at processTicksAndRejections (internal/process/task_queues.js:97:5)"}
{"level":"error","message":"Date: Fri, 25 Mar 2022 12:00:35 GMT SequelizeConnectionError: Unknown database 'flexjobtracking_main_shubham'"}
{"level":"error","message":"Date: Fri, 25 Mar 2022 12:00:35 GMT \u001b[31mConnection could not be established to database.\u001b[39m"}
{"level":"error","message":"Date: Fri, 25 Mar 2022 12:00:35 GMT \u001b[31mRetrying to connect in 5 sec.\u001b[39m"}
{"level":"error","message":"Date: Fri, 25 Mar 2022 12:00:40 GMT Trace\n    at D:\\Development\\FJT\\FJT-DEV\\fjt.api\\server.js:258:21\n    at processTicksAndRejections (internal/process/task_queues.js:97:5)"}
{"level":"error","message":"Date: Fri, 25 Mar 2022 12:00:40 GMT SequelizeConnectionError: Unknown database 'flexjobtracking_main_shubham'"}
{"level":"error","message":"Date: Fri, 25 Mar 2022 12:00:40 GMT \u001b[31mConnection could not be established to database.\u001b[39m"}
{"level":"error","message":"Date: Fri, 25 Mar 2022 12:00:40 GMT \u001b[31mRetrying to connect in 5 sec.\u001b[39m"}
{"level":"error","message":"Date: Fri, 25 Mar 2022 12:00:45 GMT Trace\n    at D:\\Development\\FJT\\FJT-DEV\\fjt.api\\server.js:258:21\n    at processTicksAndRejections (internal/process/task_queues.js:97:5)"}
{"level":"error","message":"Date: Fri, 25 Mar 2022 12:00:45 GMT SequelizeConnectionError: Unknown database 'flexjobtracking_main_shubham'"}
{"level":"error","message":"Date: Fri, 25 Mar 2022 12:00:45 GMT \u001b[31mConnection could not be established to database.\u001b[39m"}
{"level":"error","message":"Date: Fri, 25 Mar 2022 12:00:45 GMT \u001b[31mRetrying to connect in 5 sec.\u001b[39m"}
{"level":"error","message":"Date: Fri, 25 Mar 2022 12:00:50 GMT Trace\n    at D:\\Development\\FJT\\FJT-DEV\\fjt.api\\server.js:258:21\n    at processTicksAndRejections (internal/process/task_queues.js:97:5)"}
{"level":"error","message":"Date: Fri, 25 Mar 2022 12:00:50 GMT SequelizeConnectionError: Unknown database 'flexjobtracking_main_shubham'"}
{"level":"error","message":"Date: Fri, 25 Mar 2022 12:00:50 GMT \u001b[31mConnection could not be established to database.\u001b[39m"}
{"level":"error","message":"Date: Fri, 25 Mar 2022 12:00:50 GMT \u001b[31mRetrying to connect in 5 sec.\u001b[39m"}
{"level":"error","message":"Date: Fri, 25 Mar 2022 12:00:55 GMT Trace\n    at D:\\Development\\FJT\\FJT-DEV\\fjt.api\\server.js:258:21\n    at processTicksAndRejections (internal/process/task_queues.js:97:5)"}
{"level":"error","message":"Date: Fri, 25 Mar 2022 12:00:55 GMT SequelizeConnectionError: Unknown database 'flexjobtracking_main_shubham'"}
{"level":"error","message":"Date: Fri, 25 Mar 2022 12:00:55 GMT \u001b[31mConnection could not be established to database.\u001b[39m"}
{"level":"error","message":"Date: Fri, 25 Mar 2022 12:00:55 GMT \u001b[31mRetrying to connect in 5 sec.\u001b[39m"}
{"level":"error","message":"Date: Fri, 25 Mar 2022 12:01:00 GMT Trace\n    at D:\\Development\\FJT\\FJT-DEV\\fjt.api\\server.js:258:21\n    at processTicksAndRejections (internal/process/task_queues.js:97:5)"}
{"level":"error","message":"Date: Fri, 25 Mar 2022 12:01:00 GMT SequelizeConnectionError: Unknown database 'flexjobtracking_main_shubham'"}
{"level":"error","message":"Date: Fri, 25 Mar 2022 12:01:00 GMT \u001b[31mConnection could not be established to database.\u001b[39m"}
{"level":"error","message":"Date: Fri, 25 Mar 2022 12:01:00 GMT \u001b[31mRetrying to connect in 5 sec.\u001b[39m"}
{"level":"error","message":"Date: Fri, 25 Mar 2022 12:01:05 GMT Trace\n    at D:\\Development\\FJT\\FJT-DEV\\fjt.api\\server.js:258:21\n    at processTicksAndRejections (internal/process/task_queues.js:97:5)"}
{"level":"error","message":"Date: Fri, 25 Mar 2022 12:01:05 GMT SequelizeConnectionError: Unknown database 'flexjobtracking_main_shubham'"}
{"level":"error","message":"Date: Fri, 25 Mar 2022 12:01:05 GMT \u001b[31mConnection could not be established to database.\u001b[39m"}
{"level":"error","message":"Date: Fri, 25 Mar 2022 12:01:05 GMT \u001b[31mRetrying to connect in 5 sec.\u001b[39m"}
{"level":"error","message":"Date: Fri, 25 Mar 2022 12:01:10 GMT Trace\n    at D:\\Development\\FJT\\FJT-DEV\\fjt.api\\server.js:258:21\n    at processTicksAndRejections (internal/process/task_queues.js:97:5)"}
{"level":"error","message":"Date: Fri, 25 Mar 2022 12:01:10 GMT SequelizeConnectionError: Unknown database 'flexjobtracking_main_shubham'"}
{"level":"error","message":"Date: Fri, 25 Mar 2022 12:01:10 GMT \u001b[31mConnection could not be established to database.\u001b[39m"}
{"level":"error","message":"Date: Fri, 25 Mar 2022 12:01:10 GMT \u001b[31mRetrying to connect in 5 sec.\u001b[39m"}
{"level":"error","message":"Date: Fri, 25 Mar 2022 12:01:15 GMT Trace\n    at D:\\Development\\FJT\\FJT-DEV\\fjt.api\\server.js:258:21\n    at processTicksAndRejections (internal/process/task_queues.js:97:5)"}
{"level":"error","message":"Date: Fri, 25 Mar 2022 12:01:15 GMT SequelizeConnectionError: Unknown database 'flexjobtracking_main_shubham'"}
{"level":"error","message":"Date: Fri, 25 Mar 2022 12:01:15 GMT \u001b[31mConnection could not be established to database.\u001b[39m"}
{"level":"error","message":"Date: Fri, 25 Mar 2022 12:01:15 GMT \u001b[31mRetrying to connect in 5 sec.\u001b[39m"}
{"level":"error","message":"Date: Fri, 25 Mar 2022 12:01:20 GMT Trace\n    at D:\\Development\\FJT\\FJT-DEV\\fjt.api\\server.js:258:21\n    at processTicksAndRejections (internal/process/task_queues.js:97:5)"}
{"level":"error","message":"Date: Fri, 25 Mar 2022 12:01:20 GMT SequelizeConnectionError: Unknown database 'flexjobtracking_main_shubham'"}
{"level":"error","message":"Date: Fri, 25 Mar 2022 12:01:20 GMT \u001b[31mConnection could not be established to database.\u001b[39m"}
{"level":"error","message":"Date: Fri, 25 Mar 2022 12:01:20 GMT \u001b[31mRetrying to connect in 5 sec.\u001b[39m"}
{"level":"error","message":"Date: Fri, 25 Mar 2022 12:01:25 GMT Trace\n    at D:\\Development\\FJT\\FJT-DEV\\fjt.api\\server.js:258:21\n    at processTicksAndRejections (internal/process/task_queues.js:97:5)"}
{"level":"error","message":"Date: Fri, 25 Mar 2022 12:01:25 GMT SequelizeConnectionError: Unknown database 'flexjobtracking_main_shubham'"}
{"level":"error","message":"Date: Fri, 25 Mar 2022 12:01:25 GMT \u001b[31mConnection could not be established to database.\u001b[39m"}
{"level":"error","message":"Date: Fri, 25 Mar 2022 12:01:25 GMT \u001b[31mRetrying to connect in 5 sec.\u001b[39m"}
{"level":"error","message":"Date: Fri, 25 Mar 2022 12:01:30 GMT Trace\n    at D:\\Development\\FJT\\FJT-DEV\\fjt.api\\server.js:258:21\n    at processTicksAndRejections (internal/process/task_queues.js:97:5)"}
{"level":"error","message":"Date: Fri, 25 Mar 2022 12:01:30 GMT SequelizeConnectionError: Unknown database 'flexjobtracking_main_shubham'"}
{"level":"error","message":"Date: Fri, 25 Mar 2022 12:01:30 GMT \u001b[31mConnection could not be established to database.\u001b[39m"}
{"level":"error","message":"Date: Fri, 25 Mar 2022 12:01:30 GMT \u001b[31mRetrying to connect in 5 sec.\u001b[39m"}
{"level":"error","message":"Date: Fri, 25 Mar 2022 12:01:35 GMT Trace\n    at D:\\Development\\FJT\\FJT-DEV\\fjt.api\\server.js:258:21\n    at processTicksAndRejections (internal/process/task_queues.js:97:5)"}
{"level":"error","message":"Date: Fri, 25 Mar 2022 12:01:35 GMT SequelizeConnectionError: Unknown database 'flexjobtracking_main_shubham'"}
{"level":"error","message":"Date: Fri, 25 Mar 2022 12:01:35 GMT \u001b[31mConnection could not be established to database.\u001b[39m"}
{"level":"error","message":"Date: Fri, 25 Mar 2022 12:01:35 GMT \u001b[31mRetrying to connect in 5 sec.\u001b[39m"}
{"level":"error","message":"Date: Fri, 25 Mar 2022 12:01:40 GMT Trace\n    at D:\\Development\\FJT\\FJT-DEV\\fjt.api\\server.js:258:21\n    at processTicksAndRejections (internal/process/task_queues.js:97:5)"}
{"level":"error","message":"Date: Fri, 25 Mar 2022 12:01:40 GMT SequelizeConnectionError: Unknown database 'flexjobtracking_main_shubham'"}
{"level":"error","message":"Date: Fri, 25 Mar 2022 12:01:40 GMT \u001b[31mConnection could not be established to database.\u001b[39m"}
{"level":"error","message":"Date: Fri, 25 Mar 2022 12:01:40 GMT \u001b[31mRetrying to connect in 5 sec.\u001b[39m"}
{"level":"error","message":"Date: Fri, 25 Mar 2022 12:01:45 GMT Trace\n    at D:\\Development\\FJT\\FJT-DEV\\fjt.api\\server.js:258:21\n    at processTicksAndRejections (internal/process/task_queues.js:97:5)"}
{"level":"error","message":"Date: Fri, 25 Mar 2022 12:01:45 GMT SequelizeConnectionError: Unknown database 'flexjobtracking_main_shubham'"}
{"level":"error","message":"Date: Fri, 25 Mar 2022 12:01:45 GMT \u001b[31mConnection could not be established to database.\u001b[39m"}
{"level":"error","message":"Date: Fri, 25 Mar 2022 12:01:45 GMT \u001b[31mRetrying to connect in 5 sec.\u001b[39m"}
{"level":"error","message":"Date: Fri, 25 Mar 2022 12:01:50 GMT Trace\n    at D:\\Development\\FJT\\FJT-DEV\\fjt.api\\server.js:258:21\n    at processTicksAndRejections (internal/process/task_queues.js:97:5)"}
{"level":"error","message":"Date: Fri, 25 Mar 2022 12:01:50 GMT SequelizeConnectionError: Unknown database 'flexjobtracking_main_shubham'"}
{"level":"error","message":"Date: Fri, 25 Mar 2022 12:01:50 GMT \u001b[31mConnection could not be established to database.\u001b[39m"}
{"level":"error","message":"Date: Fri, 25 Mar 2022 12:01:50 GMT \u001b[31mRetrying to connect in 5 sec.\u001b[39m"}
{"level":"error","message":"Date: Fri, 25 Mar 2022 12:01:55 GMT Trace\n    at D:\\Development\\FJT\\FJT-DEV\\fjt.api\\server.js:258:21\n    at processTicksAndRejections (internal/process/task_queues.js:97:5)"}
{"level":"error","message":"Date: Fri, 25 Mar 2022 12:01:55 GMT SequelizeConnectionError: Unknown database 'flexjobtracking_main_shubham'"}
{"level":"error","message":"Date: Fri, 25 Mar 2022 12:01:55 GMT \u001b[31mConnection could not be established to database.\u001b[39m"}
{"level":"error","message":"Date: Fri, 25 Mar 2022 12:01:55 GMT \u001b[31mRetrying to connect in 5 sec.\u001b[39m"}
{"level":"error","message":"Date: Fri, 25 Mar 2022 12:42:39 GMT (node:23864) [DEP0066] DeprecationWarning: OutgoingMessage.prototype._headers is deprecated\n(Use `node --trace-deprecation ...` to show where the warning was created)"}
{"level":"error","message":"Date: Sat, 26 Mar 2022 13:29:32 GMT Trace\n    at D:\\Development\\FJT\\FJT-DEV\\fjt.api\\server.js:285:15\n    at processTicksAndRejections (internal/process/task_queues.js:97:5)"}
{"level":"error","message":"Date: Sat, 26 Mar 2022 13:29:32 GMT SequelizeAccessDeniedError: Access denied for user 'root'@'localhost' (using password: YES)"}
{"level":"error","message":"Date: Sat, 26 Mar 2022 13:29:32 GMT \u001b[31mConnection could not be established to database.\u001b[39m"}
{"level":"error","message":"Date: Sat, 26 Mar 2022 13:29:32 GMT \u001b[31mRetrying to connect in 5 sec.\u001b[39m"}
{"level":"error","message":"Date: Sat, 26 Mar 2022 13:29:32 GMT winston-mongodb: error initialising logger MongoServerSelectionError: connection <monitor> to 127.0.0.1:27017 timed out"}
{"level":"error","message":"Date: Sat, 26 Mar 2022 13:29:37 GMT Trace\n    at D:\\Development\\FJT\\FJT-DEV\\fjt.api\\server.js:285:15\n    at processTicksAndRejections (internal/process/task_queues.js:97:5)"}
{"level":"error","message":"Date: Sat, 26 Mar 2022 13:29:37 GMT SequelizeAccessDeniedError: Access denied for user 'root'@'localhost' (using password: YES)"}
{"level":"error","message":"Date: Sat, 26 Mar 2022 13:29:37 GMT \u001b[31mConnection could not be established to database.\u001b[39m"}
{"level":"error","message":"Date: Sat, 26 Mar 2022 13:29:37 GMT \u001b[31mRetrying to connect in 5 sec.\u001b[39m"}
{"level":"error","message":"Date: Sat, 26 Mar 2022 13:29:42 GMT Trace\n    at D:\\Development\\FJT\\FJT-DEV\\fjt.api\\server.js:285:15\n    at processTicksAndRejections (internal/process/task_queues.js:97:5)"}
{"level":"error","message":"Date: Sat, 26 Mar 2022 13:29:42 GMT SequelizeAccessDeniedError: Access denied for user 'root'@'localhost' (using password: YES)"}
{"level":"error","message":"Date: Sat, 26 Mar 2022 13:29:42 GMT \u001b[31mConnection could not be established to database.\u001b[39m"}
{"level":"error","message":"Date: Sat, 26 Mar 2022 13:29:42 GMT \u001b[31mRetrying to connect in 5 sec.\u001b[39m"}
{"level":"error","message":"Date: Sat, 26 Mar 2022 13:29:47 GMT Trace\n    at D:\\Development\\FJT\\FJT-DEV\\fjt.api\\server.js:285:15\n    at processTicksAndRejections (internal/process/task_queues.js:97:5)"}
{"level":"error","message":"Date: Sat, 26 Mar 2022 13:29:47 GMT SequelizeAccessDeniedError: Access denied for user 'root'@'localhost' (using password: YES)"}
{"level":"error","message":"Date: Sat, 26 Mar 2022 13:29:47 GMT \u001b[31mConnection could not be established to database.\u001b[39m"}
{"level":"error","message":"Date: Mon, 28 Mar 2022 07:28:48 GMT Trace\n    at D:\\Development\\FJT\\FJT-DEV\\fjt.api\\server.js:285:15\n    at processTicksAndRejections (internal/process/task_queues.js:97:5)\n    at runNextTicks (internal/process/task_queues.js:66:3)\n    at processTimers (internal/timers.js:489:9)"}
{"level":"error","message":"Date: Mon, 28 Mar 2022 07:28:48 GMT SequelizeConnectionError: connect ETIMEDOUT"}
{"level":"error","message":"Date: Mon, 28 Mar 2022 07:28:48 GMT \u001b[31mConnection could not be established to database.\u001b[39m"}
{"level":"error","message":"Date: Mon, 28 Mar 2022 07:28:48 GMT \u001b[31mRetrying to connect in 5 sec.\u001b[39m"}
{"level":"error","message":"Date: Mon, 28 Mar 2022 08:04:01 GMT (node:27076) [DEP0066] DeprecationWarning: OutgoingMessage.prototype._headers is deprecated\n(Use `node --trace-deprecation ...` to show where the warning was created)"}
{"level":"error","message":"Date: Mon, 28 Mar 2022 10:11:02 GMT [winston] Unknown logger level: %s error :: Method: POST;URL: /api/v1/userPagePermision"}
{"level":"error","message":"Date: Mon, 28 Mar 2022 10:11:02 GMT [winston] Unknown logger level: %s error :: Method: POST;URL: /api/v1/chat"}
{"level":"error","message":"Date: Mon, 28 Mar 2022 10:11:02 GMT [winston] Unknown logger level: %s error :: Method: POST;URL: /api/v1/dynamicreportmst"}
{"level":"error","message":"Date: Mon, 28 Mar 2022 10:11:02 GMT [winston] Unknown logger level: %s error :: Method: POST;URL: /api/v1/charttemplatemst"}
{"level":"error","message":"Date: Mon, 28 Mar 2022 10:11:02 GMT [winston] Unknown logger level: %s error :: Method: GET;URL: /api/v1/release_notes"}
{"level":"error","message":"Date: Mon, 28 Mar 2022 10:11:02 GMT [winston] Unknown logger level: %s error :: Method: GET;URL: /api/v1/userPagePermision"}
{"level":"error","message":"Date: Mon, 28 Mar 2022 10:11:23 GMT [winston] Unknown logger level: %s error :: Method: GET;URL: /api/v1/roles"}
{"level":"error","message":"Date: Mon, 28 Mar 2022 10:11:23 GMT [winston] Unknown logger level: %s error :: Method: GET;URL: /api/v1/binmst"}
{"level":"error","message":"Date: Mon, 28 Mar 2022 10:11:23 GMT [winston] Unknown logger level: %s error :: Method: GET;URL: /api/v1/charttempalteemployee"}
{"level":"error","message":"Date: Mon, 28 Mar 2022 10:11:23 GMT [winston] Unknown logger level: %s error :: Method: GET;URL: /api/v1/notificationmst"}
{"level":"error","message":"Date: Mon, 28 Mar 2022 10:11:23 GMT [winston] Unknown logger level: %s error :: Method: GET;URL: /api/v1/chat"}
{"level":"error","message":"Date: Mon, 28 Mar 2022 10:11:23 GMT [winston] Unknown logger level: %s error :: Method: GET;URL: /api/v1/pages"}
{"level":"error","message":"Date: Mon, 28 Mar 2022 10:12:35 GMT [winston] Unknown logger level: %s error :: Method: GET;URL: /api/v1/release_notes"}
{"level":"error","message":"Date: Mon, 28 Mar 2022 10:12:36 GMT [winston] Unknown logger level: %s error :: Method: GET;URL: /api/v1/userPagePermision"}
{"level":"error","message":"Date: Mon, 28 Mar 2022 10:12:36 GMT [winston] Unknown logger level: %s error :: Method: GET;URL: /api/v1/roles"}
{"level":"error","message":"Date: Mon, 28 Mar 2022 10:12:36 GMT [winston] Unknown logger level: %s error :: Method: GET;URL: /api/v1/binmst"}
{"level":"error","message":"Date: Mon, 28 Mar 2022 10:12:36 GMT [winston] Unknown logger level: %s error :: Method: GET;URL: /api/v1/pages"}
{"level":"error","message":"Date: Mon, 28 Mar 2022 10:12:36 GMT [winston] Unknown logger level: %s error :: Method: GET;URL: /api/v1/chat"}
{"level":"error","message":"Date: Mon, 28 Mar 2022 10:12:57 GMT [winston] Unknown logger level: %s error :: Method: GET;URL: /api/v1/notificationmst"}
{"level":"error","message":"Date: Mon, 28 Mar 2022 10:16:11 GMT (node:21432) [DEP0066] DeprecationWarning: OutgoingMessage.prototype._headers is deprecated\n(Use `node --trace-deprecation ...` to show where the warning was created)"}
{"level":"error","message":"Date: Mon, 28 Mar 2022 10:55:33 GMT (node:21432) [DEP0106] DeprecationWarning: crypto.createCipher is deprecated."}
{"level":"error","message":"Date: Mon, 28 Mar 2022 10:55:33 GMT (node:21432) Warning: Use Cipheriv for counter mode of aes-256-ctr"}
{"level":"error","message":"Date: Mon, 28 Mar 2022 12:10:44 GMT (node:14808) [DEP0066] DeprecationWarning: OutgoingMessage.prototype._headers is deprecated\n(Use `node --trace-deprecation ...` to show where the warning was created)"}
{"level":"error","message":"Date: Tue, 29 Mar 2022 04:21:18 GMT (node:25148) [DEP0066] DeprecationWarning: OutgoingMessage.prototype._headers is deprecated\n(Use `node --trace-deprecation ...` to show where the warning was created)"}
{"level":"error","message":"Date: Tue, 29 Mar 2022 04:27:00 GMT [winston] Unknown logger level: %s error :: Method: POST;URL: /api/v1/userPagePermision"}
{"level":"error","message":"Date: Tue, 29 Mar 2022 04:27:00 GMT [winston] Unknown logger level: %s error :: Method: POST;URL: /api/v1/charttemplatemst"}
{"level":"error","message":"Date: Tue, 29 Mar 2022 04:27:00 GMT [winston] Unknown logger level: %s error :: Method: POST;URL: /api/v1/dynamicreportmst"}
{"level":"error","message":"Date: Tue, 29 Mar 2022 04:27:00 GMT [winston] Unknown logger level: %s error :: Method: GET;URL: /api/v1/release_notes"}
{"level":"error","message":"Date: Tue, 29 Mar 2022 04:27:00 GMT [winston] Unknown logger level: %s error :: Method: GET;URL: /api/v1/roles"}
{"level":"error","message":"Date: Tue, 29 Mar 2022 04:27:00 GMT [winston] Unknown logger level: %s error :: Method: GET;URL: /api/v1/binmst"}
{"level":"error","message":"Date: Tue, 29 Mar 2022 04:27:00 GMT [winston] Unknown logger level: %s error :: Method: GET;URL: /api/v1/charttempalteemployee"}
{"level":"error","message":"Date: Tue, 29 Mar 2022 04:27:01 GMT [winston] Unknown logger level: %s error :: Method: GET;URL: /api/v1/chat"}
{"level":"error","message":"Date: Tue, 29 Mar 2022 04:27:01 GMT [winston] Unknown logger level: %s error :: Method: GET;URL: /api/v1/notificationmst"}
{"level":"error","message":"Date: Tue, 29 Mar 2022 04:27:01 GMT [winston] Unknown logger level: %s error :: Method: GET;URL: /api/v1/pages"}
{"level":"error","message":"Date: Tue, 29 Mar 2022 04:39:01 GMT (node:1668) [DEP0066] DeprecationWarning: OutgoingMessage.prototype._headers is deprecated\n(Use `node --trace-deprecation ...` to show where the warning was created)"}
{"level":"error","message":"Date: Tue, 29 Mar 2022 05:41:29 GMT [winston] Unknown logger level: %s error :: Method: POST;URL: /api/v1/chat"}
{"level":"error","message":"Date: Tue, 29 Mar 2022 09:21:19 GMT (node:5876) [DEP0066] DeprecationWarning: OutgoingMessage.prototype._headers is deprecated\n(Use `node --trace-deprecation ...` to show where the warning was created)"}
{"level":"error","message":"Date: Tue, 29 Mar 2022 09:22:09 GMT [winston] Unknown logger level: %s error :: Method: POST;URL: /api/v1/userPagePermision"}
{"level":"error","message":"Date: Tue, 29 Mar 2022 09:22:09 GMT [winston] Unknown logger level: %s error :: Method: POST;URL: /api/v1/charttemplatemst"}
{"level":"error","message":"Date: Tue, 29 Mar 2022 09:22:09 GMT [winston] Unknown logger level: %s error :: Method: POST;URL: /api/v1/dynamicreportmst"}
{"level":"error","message":"Date: Tue, 29 Mar 2022 09:22:09 GMT [winston] Unknown logger level: %s error :: Method: GET;URL: /api/v1/charttempalteemployee"}
{"level":"error","message":"Date: Tue, 29 Mar 2022 09:22:10 GMT [winston] Unknown logger level: %s error :: Method: GET;URL: /api/v1/chat"}
{"level":"error","message":"Date: Tue, 29 Mar 2022 09:22:10 GMT [winston] Unknown logger level: %s error :: Method: GET;URL: /api/v1/notificationmst"}
{"level":"error","message":"Date: Tue, 29 Mar 2022 09:22:10 GMT [winston] Unknown logger level: %s error :: Method: GET;URL: /api/v1/pages"}
{"level":"error","message":"Date: Tue, 29 Mar 2022 10:22:44 GMT [winston] Unknown logger level: %s error :: Method: POST;URL: /api/v1/userPagePermision"}
{"level":"error","message":"Date: Tue, 29 Mar 2022 10:22:51 GMT [winston] Unknown logger level: %s error :: Method: POST;URL: /api/v1/userPagePermision"}
